0 info it worked if it ends with ok
1 verbose cli [ '/usr/local/bin/node', '/usr/local/bin/npm', 'i', '-g', 'bower' ]
2 info using npm@1.3.11
3 info using node@v0.10.21
4 verbose cache add [ 'bower', null ]
5 verbose cache add name=undefined spec="bower" args=["bower",null]
6 verbose parsed url { protocol: null,
6 verbose parsed url   slashes: null,
6 verbose parsed url   auth: null,
6 verbose parsed url   host: null,
6 verbose parsed url   port: null,
6 verbose parsed url   hostname: null,
6 verbose parsed url   hash: null,
6 verbose parsed url   search: null,
6 verbose parsed url   query: null,
6 verbose parsed url   pathname: 'bower',
6 verbose parsed url   path: 'bower',
6 verbose parsed url   href: 'bower' }
7 silly lockFile 206e3ce5-bower bower
8 verbose lock bower /home/dongyin/.npm/206e3ce5-bower.lock
9 silly lockFile 206e3ce5-bower bower
10 silly lockFile 206e3ce5-bower bower
11 verbose addNamed [ 'bower', '' ]
12 verbose addNamed [ null, '*' ]
13 silly lockFile 1240aab1-bower bower@
14 verbose lock bower@ /home/dongyin/.npm/1240aab1-bower.lock
15 silly addNameRange { name: 'bower', range: '*', hasData: false }
16 silly addNameRange number 2 { name: 'bower', range: '*', hasData: true }
17 silly addNameRange versions [ 'bower',
17 silly addNameRange   [ '0.1.0',
17 silly addNameRange     '0.1.2',
17 silly addNameRange     '0.1.3',
17 silly addNameRange     '0.2.0',
17 silly addNameRange     '0.3.0',
17 silly addNameRange     '0.3.1',
17 silly addNameRange     '0.3.2',
17 silly addNameRange     '0.4.0',
17 silly addNameRange     '0.5.0',
17 silly addNameRange     '0.5.1',
17 silly addNameRange     '0.6.0',
17 silly addNameRange     '0.6.1',
17 silly addNameRange     '0.6.2',
17 silly addNameRange     '0.6.3',
17 silly addNameRange     '0.6.4',
17 silly addNameRange     '0.6.5',
17 silly addNameRange     '0.6.6',
17 silly addNameRange     '0.6.7',
17 silly addNameRange     '0.6.8',
17 silly addNameRange     '0.7.0',
17 silly addNameRange     '0.7.1',
17 silly addNameRange     '0.8.0',
17 silly addNameRange     '0.8.1',
17 silly addNameRange     '0.8.2',
17 silly addNameRange     '0.8.3',
17 silly addNameRange     '0.8.4',
17 silly addNameRange     '0.8.5',
17 silly addNameRange     '0.8.6',
17 silly addNameRange     '0.9.0',
17 silly addNameRange     '0.9.1',
17 silly addNameRange     '0.9.2',
17 silly addNameRange     '0.10.0',
17 silly addNameRange     '1.0.0',
17 silly addNameRange     '1.0.1',
17 silly addNameRange     '1.0.2',
17 silly addNameRange     '1.0.3',
17 silly addNameRange     '1.1.0',
17 silly addNameRange     '1.1.1',
17 silly addNameRange     '1.1.2',
17 silly addNameRange     '1.2.0',
17 silly addNameRange     '1.2.1',
17 silly addNameRange     '1.2.2',
17 silly addNameRange     '1.2.3',
17 silly addNameRange     '1.2.4',
17 silly addNameRange     '1.2.5',
17 silly addNameRange     '1.2.6',
17 silly addNameRange     '1.2.7',
17 silly addNameRange     '1.2.8',
17 silly addNameRange     '1.3.0',
17 silly addNameRange     '1.3.1',
17 silly addNameRange     '1.3.2',
17 silly addNameRange     '1.3.3',
17 silly addNameRange     '1.3.4',
17 silly addNameRange     '1.3.5',
17 silly addNameRange     '1.3.6',
17 silly addNameRange     '1.3.7',
17 silly addNameRange     '1.3.8',
17 silly addNameRange     '1.3.9',
17 silly addNameRange     '1.3.10',
17 silly addNameRange     '1.3.11',
17 silly addNameRange     '1.3.12',
17 silly addNameRange     '1.4.0',
17 silly addNameRange     '1.4.1',
17 silly addNameRange     '1.5.0',
17 silly addNameRange     '1.5.1',
17 silly addNameRange     '1.5.2',
17 silly addNameRange     '1.5.3',
17 silly addNameRange     '1.6.2',
17 silly addNameRange     '1.6.3',
17 silly addNameRange     '1.6.4',
17 silly addNameRange     '1.6.5',
17 silly addNameRange     '1.5.4',
17 silly addNameRange     '1.4.2',
17 silly addNameRange     '1.6.6',
17 silly addNameRange     '1.6.7',
17 silly addNameRange     '1.6.8',
17 silly addNameRange     '1.6.9',
17 silly addNameRange     '1.7.0',
17 silly addNameRange     '1.7.1',
17 silly addNameRange     '1.7.2',
17 silly addNameRange     '1.7.5',
17 silly addNameRange     '1.7.6',
17 silly addNameRange     '1.7.7',
17 silly addNameRange     '1.7.8',
17 silly addNameRange     '1.7.9',
17 silly addNameRange     '1.8.0' ] ]
18 verbose addNamed [ 'bower', '1.8.0' ]
19 verbose addNamed [ '1.8.0', '1.8.0' ]
20 silly lockFile 8d20daf9-bower-1-8-0 bower@1.8.0
21 verbose lock bower@1.8.0 /home/dongyin/.npm/8d20daf9-bower-1-8-0.lock
22 silly lockFile abe5beab--npmjs-org-bower-bower-1-8-0-tgz https://registry.npmjs.org/bower/-/bower-1.8.0.tgz
23 verbose lock https://registry.npmjs.org/bower/-/bower-1.8.0.tgz /home/dongyin/.npm/abe5beab--npmjs-org-bower-bower-1-8-0-tgz.lock
24 verbose addRemoteTarball [ 'https://registry.npmjs.org/bower/-/bower-1.8.0.tgz',
24 verbose addRemoteTarball   '55dbebef0ad9155382d9e9d3e497c1372345b44a' ]
25 info retry fetch attempt 1 at 05:50:13
26 verbose fetch to= /home/dongyin/tmp/npm-3127-1uAovScX/1483613413951-0.3915708870626986/tmp.tgz
27 http GET https://registry.npmjs.org/bower/-/bower-1.8.0.tgz
28 http 200 https://registry.npmjs.org/bower/-/bower-1.8.0.tgz
29 silly lockFile abe5beab--npmjs-org-bower-bower-1-8-0-tgz https://registry.npmjs.org/bower/-/bower-1.8.0.tgz
30 silly lockFile abe5beab--npmjs-org-bower-bower-1-8-0-tgz https://registry.npmjs.org/bower/-/bower-1.8.0.tgz
31 silly lockFile 8d20daf9-bower-1-8-0 bower@1.8.0
32 silly lockFile 8d20daf9-bower-1-8-0 bower@1.8.0
33 silly lockFile 1240aab1-bower bower@
34 silly lockFile 1240aab1-bower bower@
35 error Error: shasum check failed for /home/dongyin/tmp/npm-3127-1uAovScX/1483613413951-0.3915708870626986/tmp.tgz
35 error Expected: 55dbebef0ad9155382d9e9d3e497c1372345b44a
35 error Actual:   ace5ae78430f8b9d799280e46007eda1154ffd42
35 error     at /usr/local/lib/node_modules/npm/node_modules/sha/index.js:38:8
35 error     at ReadStream.<anonymous> (/usr/local/lib/node_modules/npm/node_modules/sha/index.js:85:7)
35 error     at ReadStream.EventEmitter.emit (events.js:117:20)
35 error     at _stream_readable.js:920:16
35 error     at process._tickCallback (node.js:415:13)
36 error If you need help, you may report this log at:
36 error     <http://github.com/isaacs/npm/issues>
36 error or email it to:
36 error     <npm-@googlegroups.com>
37 error System Linux 4.2.0-42-generic
38 error command "/usr/local/bin/node" "/usr/local/bin/npm" "i" "-g" "bower"
39 error cwd /var/www/html/stock
40 error node -v v0.10.21
41 error npm -v 1.3.11
42 verbose exit [ 1, true ]
